19:16:41 INFO  : Registering command handlers for SDK TCF services
19:16:44 INFO  : Launching XSCT server: xsct -n -interactive /home/chaitusvk/Documents/axi_pheripheral/micro_axi_periheral/micro_axi_periheral.sdk/temp_xsdb_launch_script.tcl
19:16:51 INFO  : XSCT server has started successfully.
19:16:51 INFO  : Successfully done setting XSCT server connection channel  
19:16:57 INFO  : Successfully done setting SDK workspace  
19:16:57 INFO  : Processing command line option -hwspec /home/chaitusvk/Documents/axi_pheripheral/micro_axi_periheral/micro_axi_periheral.sdk/design_1_wrapper.hdf.
19:34:01 INFO  : 'targets -set -filter {jtag_cable_name =~ "Digilent Arty 210319A27769A" && level==0} -index 0' command is executed.
19:34:01 INFO  : 'fpga -state' command is executed.
19:34:01 INFO  : Connected to target on host '127.0.0.1' and port '3121'.
19:34:02 INFO  : Jtag cable 'Digilent Arty 210319A27769A' is selected.
19:34:02 INFO  : 'jtag frequency' command is executed.
19:34:02 INFO  : 'configparams mdm-detect-bscan-mask 2' command is executed.
19:34:02 INFO  : Context for processor 'microblaze_0' is selected.
19:34:02 INFO  : Processor reset is completed for 'microblaze_0'.
19:34:02 INFO  : Context for processor 'microblaze_0' is selected.
19:34:02 INFO  : The application '/home/chaitusvk/Documents/axi_pheripheral/micro_axi_periheral/micro_axi_periheral.sdk/hello_world/Debug/hello_world.elf' is downloaded to processor 'microblaze_0'.
19:34:02 INFO  : ----------------XSDB Script----------------
connect -url tcp:127.0.0.1:3121
configparams mdm-detect-bscan-mask 2
targets -set -nocase -filter {name =~ "microblaze*#0" && bscan=="USER2"  && jtag_cable_name =~ "Digilent Arty 210319A27769A"} -index 0
rst -processor
targets -set -nocase -filter {name =~ "microblaze*#0" && bscan=="USER2"  && jtag_cable_name =~ "Digilent Arty 210319A27769A"} -index 0
dow /home/chaitusvk/Documents/axi_pheripheral/micro_axi_periheral/micro_axi_periheral.sdk/hello_world/Debug/hello_world.elf
----------------End of Script----------------

19:34:02 INFO  : Memory regions updated for context MicroBlaze #0
19:34:02 INFO  : Memory regions updated for context MicroBlaze #0
19:34:02 INFO  : Context for processor 'microblaze_0' is selected.
19:34:02 INFO  : 'con' command is executed.
19:34:02 INFO  : ----------------XSDB Script (After Launch)----------------
targets -set -nocase -filter {name =~ "microblaze*#0" && bscan=="USER2"  && jtag_cable_name =~ "Digilent Arty 210319A27769A"} -index 0
con
----------------End of Script----------------

19:34:02 INFO  : Launch script is exported to file '/home/chaitusvk/Documents/axi_pheripheral/micro_axi_periheral/micro_axi_periheral.sdk/.sdk/launch_scripts/xilinx_c-c++_application_(system_debugger)/system_debugger_using_debug_hello_world.elf_on_local.tcl'
19:37:50 INFO  : Disconnected from the channel tcfchan#1.
19:37:54 ERROR : no targets found with "jtag_cable_name =~ "Digilent Arty 210319A27769A" && level==0". available targets:
  1  xc7a35t
     2  MicroBlaze Debug Module at USER2
        3* MicroBlaze #0 (Running)
19:38:10 INFO  : 'targets -set -filter {jtag_cable_name =~ "Digilent Arty 210319A27769A" && level==0} -index 0' command is executed.
19:38:10 INFO  : 'fpga -state' command is executed.
19:38:10 INFO  : Connected to target on host '127.0.0.1' and port '3121'.
19:38:10 INFO  : Jtag cable 'Digilent Arty 210319A27769A' is selected.
19:38:10 INFO  : 'jtag frequency' command is executed.
19:38:10 INFO  : 'configparams mdm-detect-bscan-mask 2' command is executed.
19:38:10 INFO  : Context for processor 'microblaze_0' is selected.
19:38:10 INFO  : Processor reset is completed for 'microblaze_0'.
19:38:10 INFO  : Context for processor 'microblaze_0' is selected.
19:38:10 INFO  : The application '/home/chaitusvk/Documents/axi_pheripheral/micro_axi_periheral/micro_axi_periheral.sdk/hello_world/Debug/hello_world.elf' is downloaded to processor 'microblaze_0'.
19:38:10 INFO  : ----------------XSDB Script----------------
connect -url tcp:127.0.0.1:3121
configparams mdm-detect-bscan-mask 2
targets -set -nocase -filter {name =~ "microblaze*#0" && bscan=="USER2"  && jtag_cable_name =~ "Digilent Arty 210319A27769A"} -index 0
rst -processor
targets -set -nocase -filter {name =~ "microblaze*#0" && bscan=="USER2"  && jtag_cable_name =~ "Digilent Arty 210319A27769A"} -index 0
dow /home/chaitusvk/Documents/axi_pheripheral/micro_axi_periheral/micro_axi_periheral.sdk/hello_world/Debug/hello_world.elf
----------------End of Script----------------

19:38:10 INFO  : Memory regions updated for context MicroBlaze #0
19:38:10 INFO  : Memory regions updated for context MicroBlaze #0
19:38:10 INFO  : Context for processor 'microblaze_0' is selected.
19:38:10 INFO  : 'con' command is executed.
19:38:10 INFO  : ----------------XSDB Script (After Launch)----------------
targets -set -nocase -filter {name =~ "microblaze*#0" && bscan=="USER2"  && jtag_cable_name =~ "Digilent Arty 210319A27769A"} -index 0
con
----------------End of Script----------------

19:38:10 INFO  : Launch script is exported to file '/home/chaitusvk/Documents/axi_pheripheral/micro_axi_periheral/micro_axi_periheral.sdk/.sdk/launch_scripts/xilinx_c-c++_application_(system_debugger)/system_debugger_using_debug_hello_world.elf_on_local.tcl'
19:42:11 INFO  : Disconnected from the channel tcfchan#2.
19:42:12 INFO  : 'targets -set -filter {jtag_cable_name =~ "Digilent Arty 210319A27769A" && level==0} -index 0' command is executed.
19:42:12 INFO  : 'fpga -state' command is executed.
19:42:12 INFO  : Connected to target on host '127.0.0.1' and port '3121'.
19:42:12 INFO  : Jtag cable 'Digilent Arty 210319A27769A' is selected.
19:42:12 INFO  : 'jtag frequency' command is executed.
19:42:12 INFO  : 'configparams mdm-detect-bscan-mask 2' command is executed.
19:42:12 INFO  : Context for processor 'microblaze_0' is selected.
19:42:12 INFO  : Processor reset is completed for 'microblaze_0'.
19:42:12 INFO  : Context for processor 'microblaze_0' is selected.
19:42:12 INFO  : The application '/home/chaitusvk/Documents/axi_pheripheral/micro_axi_periheral/micro_axi_periheral.sdk/hello_world/Debug/hello_world.elf' is downloaded to processor 'microblaze_0'.
19:42:12 INFO  : ----------------XSDB Script----------------
connect -url tcp:127.0.0.1:3121
configparams mdm-detect-bscan-mask 2
targets -set -nocase -filter {name =~ "microblaze*#0" && bscan=="USER2"  && jtag_cable_name =~ "Digilent Arty 210319A27769A"} -index 0
rst -processor
targets -set -nocase -filter {name =~ "microblaze*#0" && bscan=="USER2"  && jtag_cable_name =~ "Digilent Arty 210319A27769A"} -index 0
dow /home/chaitusvk/Documents/axi_pheripheral/micro_axi_periheral/micro_axi_periheral.sdk/hello_world/Debug/hello_world.elf
----------------End of Script----------------

19:42:12 INFO  : Memory regions updated for context MicroBlaze #0
19:42:12 INFO  : Memory regions updated for context MicroBlaze #0
19:42:12 INFO  : Context for processor 'microblaze_0' is selected.
19:42:12 INFO  : 'con' command is executed.
19:42:12 INFO  : ----------------XSDB Script (After Launch)----------------
targets -set -nocase -filter {name =~ "microblaze*#0" && bscan=="USER2"  && jtag_cable_name =~ "Digilent Arty 210319A27769A"} -index 0
con
----------------End of Script----------------

19:42:12 INFO  : Launch script is exported to file '/home/chaitusvk/Documents/axi_pheripheral/micro_axi_periheral/micro_axi_periheral.sdk/.sdk/launch_scripts/xilinx_c-c++_application_(system_debugger)/system_debugger_using_debug_hello_world.elf_on_local.tcl'
20:25:47 INFO  : Disconnected from the channel tcfchan#3.
20:25:48 INFO  : 'targets -set -filter {jtag_cable_name =~ "Digilent Arty 210319A27769A" && level==0} -index 0' command is executed.
20:25:48 INFO  : 'fpga -state' command is executed.
20:25:48 INFO  : Connected to target on host '127.0.0.1' and port '3121'.
20:25:48 INFO  : Jtag cable 'Digilent Arty 210319A27769A' is selected.
20:25:48 INFO  : 'jtag frequency' command is executed.
20:25:48 INFO  : 'configparams mdm-detect-bscan-mask 2' command is executed.
20:25:48 INFO  : Context for processor 'microblaze_0' is selected.
20:25:48 INFO  : Processor reset is completed for 'microblaze_0'.
20:25:48 INFO  : Context for processor 'microblaze_0' is selected.
20:25:48 INFO  : The application '/home/chaitusvk/Documents/axi_pheripheral/micro_axi_periheral/micro_axi_periheral.sdk/hello_world/Debug/hello_world.elf' is downloaded to processor 'microblaze_0'.
20:25:48 INFO  : ----------------XSDB Script----------------
connect -url tcp:127.0.0.1:3121
configparams mdm-detect-bscan-mask 2
targets -set -nocase -filter {name =~ "microblaze*#0" && bscan=="USER2"  && jtag_cable_name =~ "Digilent Arty 210319A27769A"} -index 0
rst -processor
targets -set -nocase -filter {name =~ "microblaze*#0" && bscan=="USER2"  && jtag_cable_name =~ "Digilent Arty 210319A27769A"} -index 0
dow /home/chaitusvk/Documents/axi_pheripheral/micro_axi_periheral/micro_axi_periheral.sdk/hello_world/Debug/hello_world.elf
----------------End of Script----------------

20:25:48 INFO  : Memory regions updated for context MicroBlaze #0
20:25:48 INFO  : Memory regions updated for context MicroBlaze #0
20:25:48 INFO  : Context for processor 'microblaze_0' is selected.
20:25:48 INFO  : 'con' command is executed.
20:25:48 INFO  : ----------------XSDB Script (After Launch)----------------
targets -set -nocase -filter {name =~ "microblaze*#0" && bscan=="USER2"  && jtag_cable_name =~ "Digilent Arty 210319A27769A"} -index 0
con
----------------End of Script----------------

20:25:48 INFO  : Launch script is exported to file '/home/chaitusvk/Documents/axi_pheripheral/micro_axi_periheral/micro_axi_periheral.sdk/.sdk/launch_scripts/xilinx_c-c++_application_(system_debugger)/system_debugger_using_debug_hello_world.elf_on_local.tcl'
20:30:24 INFO  : Disconnected from the channel tcfchan#4.
20:30:40 INFO  : 'targets -set -filter {jtag_cable_name =~ "Digilent Arty 210319A27769A" && level==0} -index 0' command is executed.
20:30:40 INFO  : 'fpga -state' command is executed.
20:30:40 INFO  : Connected to target on host '127.0.0.1' and port '3121'.
20:30:40 INFO  : Jtag cable 'Digilent Arty 210319A27769A' is selected.
20:30:40 INFO  : 'jtag frequency' command is executed.
20:30:40 INFO  : 'configparams mdm-detect-bscan-mask 2' command is executed.
20:30:40 INFO  : Context for processor 'microblaze_0' is selected.
20:30:40 INFO  : Processor reset is completed for 'microblaze_0'.
20:30:40 INFO  : Context for processor 'microblaze_0' is selected.
20:30:40 INFO  : The application '/home/chaitusvk/Documents/axi_pheripheral/micro_axi_periheral/micro_axi_periheral.sdk/hello_world/Debug/hello_world.elf' is downloaded to processor 'microblaze_0'.
20:30:40 INFO  : ----------------XSDB Script----------------
connect -url tcp:127.0.0.1:3121
configparams mdm-detect-bscan-mask 2
targets -set -nocase -filter {name =~ "microblaze*#0" && bscan=="USER2"  && jtag_cable_name =~ "Digilent Arty 210319A27769A"} -index 0
rst -processor
targets -set -nocase -filter {name =~ "microblaze*#0" && bscan=="USER2"  && jtag_cable_name =~ "Digilent Arty 210319A27769A"} -index 0
dow /home/chaitusvk/Documents/axi_pheripheral/micro_axi_periheral/micro_axi_periheral.sdk/hello_world/Debug/hello_world.elf
----------------End of Script----------------

20:30:40 INFO  : Memory regions updated for context MicroBlaze #0
20:30:40 INFO  : Memory regions updated for context MicroBlaze #0
20:30:40 INFO  : Context for processor 'microblaze_0' is selected.
20:30:40 INFO  : 'con' command is executed.
20:30:40 INFO  : ----------------XSDB Script (After Launch)----------------
targets -set -nocase -filter {name =~ "microblaze*#0" && bscan=="USER2"  && jtag_cable_name =~ "Digilent Arty 210319A27769A"} -index 0
con
----------------End of Script----------------

20:30:40 INFO  : Launch script is exported to file '/home/chaitusvk/Documents/axi_pheripheral/micro_axi_periheral/micro_axi_periheral.sdk/.sdk/launch_scripts/xilinx_c-c++_application_(system_debugger)/system_debugger_using_debug_hello_world.elf_on_local.tcl'
20:49:27 INFO  : Disconnected from the channel tcfchan#5.
